<?xml version="1.0" encoding="UTF-8"?>
<testng-results skipped="0" failed="0" total="1" passed="1">
  <reporter-output>
    <line>
      <![CDATA[TestCase :Tc_01 is passed ]]>
    </line>
  </reporter-output>
  <suite name="Default suite" duration-ms="39851" started-at="2020-12-23T06:12:49Z" finished-at="2020-12-23T06:13:29Z">
    <groups>
    </groups>
    <test name="Default test" duration-ms="39851" started-at="2020-12-23T06:12:49Z" finished-at="2020-12-23T06:13:29Z">
      <class name="org.qsp.test.Booking">
        <test-method status="PASS" signature="openBrowser()[pri:0, instance:org.qsp.test.Booking@34340fab]" name="openBrowser" is-config="true" duration-ms="10826" started-at="2020-12-23T11:42:49Z" finished-at="2020-12-23T11:43:00Z">
          <reporter-output>
          </reporter-output>
        </test-method> <!-- openBrowser -->
        <test-method status="PASS" signature="Tc_01()[pri:0, instance:org.qsp.test.Booking@34340fab]" name="Tc_01" duration-ms="28989" started-at="2020-12-23T11:43:00Z" finished-at="2020-12-23T11:43:29Z">
          <reporter-output>
          </reporter-output>
        </test-method> <!-- Tc_01 -->
        <test-method status="FAIL" signature="closeBrowser(org.testng.ITestResult)[pri:0, instance:org.qsp.test.Booking@34340fab]" name="closeBrowser" is-config="true" duration-ms="0" started-at="2020-12-23T11:43:29Z" finished-at="2020-12-23T11:43:29Z">
          <params>
            <param index="0">
              <value>
                <![CDATA[[TestResult name=Tc_01 status=SUCCESS method=Booking.Tc_01()[pri:0, instance:org.qsp.test.Booking@34340fab] output={null}]]]>
              </value>
            </param>
          </params>
          <exception class="java.lang.NoClassDefFoundError">
            <message>
              <![CDATA[freemarker/template/TemplateModelException]]>
            </message>
            <full-stacktrace>
              <![CDATA[java.lang.NoClassDefFoundError: freemarker/template/TemplateModelException
	at org.qsp.genric.Reports.ExtendantReport(Reports.java:12)
	at org.qsp.genric.BaseTest.closeBrowser(BaseTest.java:41)
	at sun.reflect.NativeMethodAccessorImpl.invoke0(Native Method)
	at sun.reflect.NativeMethodAccessorImpl.invoke(NativeMethodAccessorImpl.java:62)
	at sun.reflect.DelegatingMethodAccessorImpl.invoke(DelegatingMethodAccessorImpl.java:43)
	at java.lang.reflect.Method.invoke(Method.java:498)
	at org.testng.internal.MethodInvocationHelper.invokeMethod(MethodInvocationHelper.java:86)
	at org.testng.internal.Invoker.invokeConfigurationMethod(Invoker.java:514)
	at org.testng.internal.Invoker.invokeConfigurations(Invoker.java:215)
	at org.testng.internal.Invoker.invokeMethod(Invoker.java:709)
	at org.testng.internal.Invoker.invokeTestMethod(Invoker.java:822)
	at org.testng.internal.Invoker.invokeTestMethods(Invoker.java:1130)
	at org.testng.internal.TestMethodWorker.invokeTestMethods(TestMethodWorker.java:129)
	at org.testng.internal.TestMethodWorker.run(TestMethodWorker.java:112)
	at org.testng.TestRunner.privateRun(TestRunner.java:782)
	at org.testng.TestRunner.run(TestRunner.java:632)
	at org.testng.SuiteRunner.runTest(SuiteRunner.java:366)
	at org.testng.SuiteRunner.runSequentially(SuiteRunner.java:361)
	at org.testng.SuiteRunner.privateRun(SuiteRunner.java:319)
	at org.testng.SuiteRunner.run(SuiteRunner.java:268)
	at org.testng.SuiteRunnerWorker.runSuite(SuiteRunnerWorker.java:52)
	at org.testng.SuiteRunnerWorker.run(SuiteRunnerWorker.java:86)
	at org.testng.TestNG.runSuitesSequentially(TestNG.java:1244)
	at org.testng.TestNG.runSuitesLocally(TestNG.java:1169)
	at org.testng.TestNG.run(TestNG.java:1064)
	at org.testng.remote.RemoteTestNG.run(RemoteTestNG.java:113)
	at org.testng.remote.RemoteTestNG.initAndRun(RemoteTestNG.java:206)
	at org.testng.remote.RemoteTestNG.main(RemoteTestNG.java:177)
Caused by: java.lang.ClassNotFoundException: freemarker.template.TemplateModelException
	at java.net.URLClassLoader.findClass(URLClassLoader.java:381)
	at java.lang.ClassLoader.loadClass(ClassLoader.java:424)
	at sun.misc.Launcher$AppClassLoader.loadClass(Launcher.java:335)
	at java.lang.ClassLoader.loadClass(ClassLoader.java:357)
	... 28 more
]]>
            </full-stacktrace>
          </exception> <!-- java.lang.NoClassDefFoundError -->
          <reporter-output>
            <line>
              <![CDATA[TestCase :Tc_01 is passed ]]>
            </line>
          </reporter-output>
        </test-method> <!-- closeBrowser -->
      </class> <!-- org.qsp.test.Booking -->
    </test> <!-- Default test -->
  </suite> <!-- Default suite -->
</testng-results>
